# JRE version: OpenJDK Runtime Environment Temurin-17.0.7+7 (17.0.7+7) (build 17.0.7+7)
# Java VM: OpenJDK 64-Bit Server VM Temurin-17.0.7+7 (17.0.7+7, mixed mode, emulated-client, tiered, compressed oops, compressed class ptrs, g1 gc, linux-amd64)
GC Precious Log:
 CPUs: 4 total, 4 available
 Memory: 15732M
 Large Page Support: Disabled
 NUMA Support: Disabled
 Compressed Oops: Enabled (Zero based)
 Heap Region Size: 2M
 Heap Min Capacity: 8M
 Heap Initial Capacity: 246M
 Heap Max Capacity: 3934M
 Pre-touch: Disabled
 Parallel Workers: 4
 Concurrent Workers: 1
 Concurrent Refinement Workers: 4
 Periodic GC: Disabled
Heap:
 garbage-first heap   total 108544K, used 54281K [0x000000070a200000, 0x0000000800000000)
  region size 2048K, 12 young (24576K), 3 survivors (6144K)
 Metaspace       used 83801K, committed 84416K, reserved 1179648K
  class space    used 11660K, committed 11968K, reserved 1048576K
GC Heap History (20 events):
Event: 43.633 GC heap before
{Heap before GC invocations=23 (full 1):
 garbage-first heap   total 90112K, used 67142K [0x000000070a200000, 0x0000000800000000)
  region size 2048K, 20 young (40960K), 2 survivors (4096K)
 Metaspace       used 75235K, committed 75840K, reserved 1179648K
  class space    used 10497K, committed 10816K, reserved 1048576K
}
Event: 43.647 GC heap after
{Heap after GC invocations=24 (full 1):
 garbage-first heap   total 90112K, used 31714K [0x000000070a200000, 0x0000000800000000)
  region size 2048K, 2 young (4096K), 2 survivors (4096K)
 Metaspace       used 75235K, committed 75840K, reserved 1179648K
  class space    used 10497K, committed 10816K, reserved 1048576K
}
Event: 61.507 GC heap before
{Heap before GC invocations=24 (full 1):
 garbage-first heap   total 90112K, used 66530K [0x000000070a200000, 0x0000000800000000)
  region size 2048K, 20 young (40960K), 2 survivors (4096K)
 Metaspace       used 79142K, committed 79808K, reserved 1179648K
  class space    used 11062K, committed 11392K, reserved 1048576K
}
Event: 61.512 GC heap after
{Heap after GC invocations=25 (full 1):
 garbage-first heap   total 90112K, used 35465K [0x000000070a200000, 0x0000000800000000)
  region size 2048K, 3 young (6144K), 3 survivors (6144K)
 Metaspace       used 79142K, committed 79808K, reserved 1179648K
  class space    used 11062K, committed 11392K, reserved 1048576K
}
Event: 80.742 GC heap before
{Heap before GC invocations=25 (full 1):
 garbage-first heap   total 90112K, used 66185K [0x000000070a200000, 0x0000000800000000)
  region size 2048K, 19 young (38912K), 3 survivors (6144K)
 Metaspace       used 82518K, committed 83136K, reserved 1179648K
  class space    used 11544K, committed 11840K, reserved 1048576K
}
Event: 80.747 GC heap after
{Heap after GC invocations=26 (full 1):
 garbage-first heap   total 90112K, used 36377K [0x000000070a200000, 0x0000000800000000)
  region size 2048K, 1 young (2048K), 1 survivors (2048K)
 Metaspace       used 82518K, committed 83136K, reserved 1179648K
  class space    used 11544K, committed 11840K, reserved 1048576K
}
Event: 135.436 GC heap before
{Heap before GC invocations=26 (full 1):
 garbage-first heap   total 90112K, used 67097K [0x000000070a200000, 0x0000000800000000)
  region size 2048K, 16 young (32768K), 1 survivors (2048K)
 Metaspace       used 82520K, committed 83136K, reserved 1179648K
  class space    used 11544K, committed 11840K, reserved 1048576K
}
Event: 135.438 GC heap after
{Heap after GC invocations=27 (full 1):
 garbage-first heap   total 90112K, used 36001K [0x000000070a200000, 0x0000000800000000)
  region size 2048K, 1 young (2048K), 1 survivors (2048K)
 Metaspace       used 82520K, committed 83136K, reserved 1179648K
  class space    used 11544K, committed 11840K, reserved 1048576K
}
Event: 172.906 GC heap before
{Heap before GC invocations=27 (full 1):
 garbage-first heap   total 90112K, used 66721K [0x000000070a200000, 0x0000000800000000)
  region size 2048K, 17 young (34816K), 1 survivors (2048K)
 Metaspace       used 83317K, committed 83968K, reserved 1179648K
  class space    used 11646K, committed 11968K, reserved 1048576K
}
Event: 172.908 GC heap after
{Heap after GC invocations=28 (full 1):
 garbage-first heap   total 90112K, used 36388K [0x000000070a200000, 0x0000000800000000)
  region size 2048K, 1 young (2048K), 1 survivors (2048K)
 Metaspace       used 83317K, committed 83968K, reserved 1179648K
  class space    used 11646K, committed 11968K, reserved 1048576K
}
Event: 196.126 GC heap before
{Heap before GC invocations=28 (full 1):
 garbage-first heap   total 90112K, used 48676K [0x000000070a200000, 0x0000000800000000)
  region size 2048K, 8 young (16384K), 1 survivors (2048K)
 Metaspace       used 83321K, committed 84032K, reserved 1179648K
  class space    used 11647K, committed 11968K, reserved 1048576K
}
Event: 196.344 GC heap after
{Heap after GC invocations=29 (full 2):
 garbage-first heap   total 90112K, used 26554K [0x000000070a200000, 0x0000000800000000)
  region size 2048K, 0 young (0K), 0 survivors (0K)
 Metaspace       used 83000K, committed 84032K, reserved 1179648K
  class space    used 11576K, committed 11968K, reserved 1048576K
}
Event: 197.341 GC heap before
{Heap before GC invocations=29 (full 2):
 garbage-first heap   total 90112K, used 71610K [0x000000070a200000, 0x0000000800000000)
  region size 2048K, 22 young (45056K), 0 survivors (0K)
 Metaspace       used 83214K, committed 84032K, reserved 1179648K
  class space    used 11595K, committed 11968K, reserved 1048576K
}
Event: 197.350 GC heap after
{Heap after GC invocations=30 (full 2):
 garbage-first heap   total 90112K, used 30766K [0x000000070a200000, 0x0000000800000000)
  region size 2048K, 3 young (6144K), 3 survivors (6144K)
 Metaspace       used 83214K, committed 84032K, reserved 1179648K
  class space    used 11595K, committed 11968K, reserved 1048576K
}
Event: 198.069 GC heap before
{Heap before GC invocations=30 (full 2):
 garbage-first heap   total 90112K, used 67630K [0x000000070a200000, 0x0000000800000000)
  region size 2048K, 21 young (43008K), 3 survivors (6144K)
 Metaspace       used 83527K, committed 84160K, reserved 1179648K
  class space    used 11625K, committed 11968K, reserved 1048576K
}
Event: 198.089 GC heap after
{Heap after GC invocations=31 (full 2):
 garbage-first heap   total 90112K, used 33463K [0x000000070a200000, 0x0000000800000000)
  region size 2048K, 2 young (4096K), 2 survivors (4096K)
 Metaspace       used 83527K, committed 84160K, reserved 1179648K
  class space    used 11625K, committed 11968K, reserved 1048576K
}
Event: 198.428 GC heap before
{Heap before GC invocations=31 (full 2):
 garbage-first heap   total 90112K, used 68279K [0x000000070a200000, 0x0000000800000000)
  region size 2048K, 19 young (38912K), 2 survivors (4096K)
 Metaspace       used 83702K, committed 84352K, reserved 1179648K
  class space    used 11638K, committed 11968K, reserved 1048576K
}
Event: 198.443 GC heap after
{Heap after GC invocations=32 (full 2):
 garbage-first heap   total 108544K, used 34946K [0x000000070a200000, 0x0000000800000000)
  region size 2048K, 3 young (6144K), 3 survivors (6144K)
 Metaspace       used 83702K, committed 84352K, reserved 1179648K
  class space    used 11638K, committed 11968K, reserved 1048576K
}
Event: 251.997 GC heap before
{Heap before GC invocations=32 (full 2):
 garbage-first heap   total 108544K, used 82050K [0x000000070a200000, 0x0000000800000000)
  region size 2048K, 26 young (53248K), 3 survivors (6144K)
 Metaspace       used 83792K, committed 84416K, reserved 1179648K
  class space    used 11658K, committed 11968K, reserved 1048576K
}
Event: 252.007 GC heap after
{Heap after GC invocations=33 (full 2):
 garbage-first heap   total 108544K, used 37897K [0x000000070a200000, 0x0000000800000000)
  region size 2048K, 3 young (6144K), 3 survivors (6144K)
 Metaspace       used 83792K, committed 84416K, reserved 1179648K
  class space    used 11658K, committed 11968K, reserved 1048576K
}

